Restaurant Locator Android v1.4 2/Restau Android v1.4/RestaurantLocator/drinkea/build/outputs/logs/manifest-merger-release-report.txt
-- Merging decision tree log ---
manifest
ADDED from src/main/AndroidManifest.xml:2:1-70:12
	package
		ADDED from src/main/AndroidManifest.xml:3:5-34
		INJECTED from src/main/AndroidManifest.xml
		INJECTED from src/main/AndroidManifest.xml
	android:versionName
		ADDED from src/main/AndroidManifest.xml:5:5-30
		INJECTED from src/main/AndroidManifest.xml
		INJECTED from src/main/AndroidManifest.xml
	android:versionCode
		ADDED from src/main/AndroidManifest.xml:4:5-28
		INJECTED from src/main/AndroidManifest.xml
		INJECTED from src/main/AndroidManifest.xml
	xmlns:android
		ADDED from src/main/AndroidManifest.xml:2:11-69
uses-sdk
ADDED from src/main/AndroidManifest.xml:7:5-9:41
MERGED from [com.google.android.gms:play-services:5.0.89] AndroidManifest.xml:15:5-42
	android:targetSdkVersion
		ADDED from src/main/AndroidManifest.xml:9:9-38
		INJECTED from src/main/AndroidManifest.xml
		INJECTED from src/main/AndroidManifest.xml
	android:minSdkVersion
		ADDED from src/main/AndroidManifest.xml:8:9-35
		INJECTED from src/main/AndroidManifest.xml
		INJECTED from src/main/AndroidManifest.xml
supports-screens
ADDED from src/main/AndroidManifest.xml:11:5-16:24
	android:largeScreens
		ADDED from src/main/AndroidManifest.xml:12:9-36
	android:smallScreens
		ADDED from src/main/AndroidManifest.xml:14:9-36
	android:normalScreens
		ADDED from src/main/AndroidManifest.xml:13:9-37
	android:xlargeScreens
		ADDED from src/main/AndroidManifest.xml:15:9-37
uses-feature#android.hardware.telephony
ADDED from src/main/AndroidManifest.xml:18:5-88
	android:required
		ADDED from src/main/AndroidManifest.xml:18:61-85
	android:name
		ADDED from src/main/AndroidManifest.xml:18:19-60
permission#com.project.drinkea.permission.MAPS_RECEIVE
ADDED from src/main/AndroidManifest.xml:20:2-22:44
	android:protectionLevel
		ADDED from src/main/AndroidManifest.xml:22:6-41
	android:name
		ADDED from src/main/AndroidManifest.xml:21:6-64
uses-permission#android.permission.INTERNET
ADDED from src/main/AndroidManifest.xml:24:5-66
	android:name
		ADDED from src/main/AndroidManifest.xml:24:22-64
uses-permission#android.permission.WRITE_EXTERNAL_STORAGE
ADDED from src/main/AndroidManifest.xml:25:5-80
	android:name
		ADDED from src/main/AndroidManifest.xml:25:22-78
uses-permission#com.project.drinkea.permission.MAPS_RECEIVE
ADDED from src/main/AndroidManifest.xml:26:2-79
	android:name
		ADDED from src/main/AndroidManifest.xml:26:19-77
uses-permission#android.permission.ACCESS_NETWORK_STATE
ADDED from src/main/AndroidManifest.xml:27:2-76
	android:name
		ADDED from src/main/AndroidManifest.xml:27:19-73
uses-permission#com.google.android.providers.gsf.permission.READ_GSERVICES
ADDED from src/main/AndroidManifest.xml:28:2-95
	android:name
		ADDED from src/main/AndroidManifest.xml:28:19-92
uses-permission#android.permission.ACCESS_COARSE_LOCATION
ADDED from src/main/AndroidManifest.xml:29:2-78
	android:name
		ADDED from src/main/AndroidManifest.xml:29:19-75
uses-permission#android.permission.ACCESS_FINE_LOCATION
ADDED from src/main/AndroidManifest.xml:30:2-76
	android:name
		ADDED from src/main/AndroidManifest.xml:30:19-73
uses-permission#android.permission.CALL_PHONE
ADDED from src/main/AndroidManifest.xml:31:2-66
	android:name
		ADDED from src/main/AndroidManifest.xml:31:19-63
uses-feature#0x00020000
ADDED from src/main/AndroidManifest.xml:33:2-35:31
	android:glEsVersion
		ADDED from src/main/AndroidManifest.xml:34:6-38
	android:required
		ADDED from src/main/AndroidManifest.xml:35:6-29
application
ADDED from src/main/AndroidManifest.xml:37:5-68:19
MERGED from [com.google.android.gms:play-services:5.0.89] AndroidManifest.xml:16:5-19
	android:label
		ADDED from src/main/AndroidManifest.xml:42:9-41
	android:hardwareAccelerated
		ADDED from src/main/AndroidManifest.xml:40:9-44
	android:allowBackup
		ADDED from src/main/AndroidManifest.xml:38:9-35
	android:icon
		ADDED from src/main/AndroidManifest.xml:41:9-45
	android:largeHeap
		ADDED from src/main/AndroidManifest.xml:39:9-33
	android:theme
		ADDED from src/main/AndroidManifest.xml:43:9-40
activity#com.project.drinkea.MainActivity
ADDED from src/main/AndroidManifest.xml:44:9-52:20
	android:screenOrientation
		ADDED from src/main/AndroidManifest.xml:46:13-55
	android:label
		ADDED from src/main/AndroidManifest.xml:47:13-45
	android:name
		ADDED from src/main/AndroidManifest.xml:45:13-60
intent-filter#android.intent.action.MAIN+android.intent.category.LAUNCHER
ADDED from src/main/AndroidManifest.xml:48:13-51:29
action#android.intent.action.MAIN
ADDED from src/main/AndroidManifest.xml:49:17-69
	android:name
		ADDED from src/main/AndroidManifest.xml:49:25-66
category#android.intent.category.LAUNCHER
ADDED from src/main/AndroidManifest.xml:50:17-77
	android:name
		ADDED from src/main/AndroidManifest.xml:50:27-74
activity#com.project.fragments.activity.DetailsActivity
ADDED from src/main/AndroidManifest.xml:54:9-83
	android:name
		ADDED from src/main/AndroidManifest.xml:54:19-80
activity#com.project.fragments.activity.ImageViewerActivity
ADDED from src/main/AndroidManifest.xml:55:9-87
	android:name
		ADDED from src/main/AndroidManifest.xml:55:19-84
activity#com.project.fragments.activity.RestaurantActivity
ADDED from src/main/AndroidManifest.xml:56:9-86
	android:name
		ADDED from src/main/AndroidManifest.xml:56:19-83
meta-data#com.google.android.maps.v2.API_KEY
ADDED from src/main/AndroidManifest.xml:58:9-60:66
	android:value
		ADDED from src/main/AndroidManifest.xml:60:7-63
	android:name
		ADDED from src/main/AndroidManifest.xml:59:7-56
activity#com.google.android.gms.ads.AdActivity
ADDED from src/main/AndroidManifest.xml:62:9-63:124
	android:configChanges
		ADDED from src/main/AndroidManifest.xml:63:13-122
	android:name
		ADDED from src/main/AndroidManifest.xml:62:19-71
meta-data#com.google.android.gms.version
ADDED from src/main/AndroidManifest.xml:65:9-66:71
	android:value
		ADDED from src/main/AndroidManifest.xml:66:16-69
	android:name
		ADDED from src/main/AndroidManifest.xml:65:20-65